<?xml version="1.0" encoding="UTF-8"?>
<testng-results ignored="0" total="1" passed="1" failed="0" skipped="0">
  <reporter-output>
  </reporter-output>
  <suite started-at="2021-07-13T21:16:32Z" name="Suite" finished-at="2021-07-13T21:16:40Z" duration-ms="7374">
    <groups>
    </groups>
    <test started-at="2021-07-13T21:16:32Z" name="Test" finished-at="2021-07-13T21:16:40Z" duration-ms="7374">
      <class name="com.newtours.tests.UserRegistration">
        <test-method is-config="true" signature="setupDriver()[pri:0, instance:com.newtours.tests.UserRegistration@3e6f3f28]" started-at="2021-07-13T21:16:32Z" name="setupDriver" finished-at="2021-07-13T21:16:34Z" duration-ms="1412" status="PASS">
          <reporter-output>
          </reporter-output>
        </test-method> <!-- setupDriver -->
        <test-method signature="registrationPageTest()[pri:0, instance:com.newtours.tests.UserRegistration@3e6f3f28]" started-at="2021-07-13T21:16:34Z" name="registrationPageTest" finished-at="2021-07-13T21:16:39Z" duration-ms="5304" status="PASS">
          <reporter-output>
          </reporter-output>
        </test-method> <!-- registrationPageTest -->
        <test-method is-config="true" signature="closeBrowser()[pri:0, instance:com.newtours.tests.UserRegistration@3e6f3f28]" started-at="2021-07-13T21:16:39Z" name="closeBrowser" finished-at="2021-07-13T21:16:40Z" duration-ms="640" status="PASS">
          <reporter-output>
          </reporter-output>
        </test-method> <!-- closeBrowser -->
      </class> <!-- com.newtours.tests.UserRegistration -->
    </test> <!-- Test -->
  </suite> <!-- Suite -->
</testng-results>
